0	00:00:05.016	VSol-MT4 EURUSD,H1: Calculated Lot Size: 0.01 | Min Lot: 0.01 | Max Lot: 100000.0 | Step Lot: 0.01
0	00:00:05.138	VSol-MT4 EURUSD,H1: Failed to open trade. Error: 134
0	01:00:01.405	VSol-MT4 EURUSD,H1: Calculated Lot Size: 0.01 | Min Lot: 0.01 | Max Lot: 100000.0 | Step Lot: 0.01
0	01:00:01.525	VSol-MT4 EURUSD,H1: Failed to open trade. Error: 134
0	02:00:00.840	VSol-MT4 EURUSD,H1: Calculated Lot Size: 0.01 | Min Lot: 0.01 | Max Lot: 100000.0 | Step Lot: 0.01
0	02:00:00.962	VSol-MT4 EURUSD,H1: Failed to open trade. Error: 134
0	03:00:00.735	VSol-MT4 EURUSD,H1: Calculated Lot Size: 0.01 | Min Lot: 0.01 | Max Lot: 100000.0 | Step Lot: 0.01
0	03:00:00.861	VSol-MT4 EURUSD,H1: Failed to open trade. Error: 134
0	04:00:00.896	VSol-MT4 EURUSD,H1: Calculated Lot Size: 0.01 | Min Lot: 0.01 | Max Lot: 100000.0 | Step Lot: 0.01
0	04:00:01.019	VSol-MT4 EURUSD,H1: Failed to open trade. Error: 136
0	05:00:00.855	VSol-MT4 EURUSD,H1: Calculated Lot Size: 0.01 | Min Lot: 0.01 | Max Lot: 100000.0 | Step Lot: 0.01
0	05:00:00.973	VSol-MT4 EURUSD,H1: Failed to open trade. Error: 136
0	06:00:00.908	VSol-MT4 EURUSD,H1: Calculated Lot Size: 0.01 | Min Lot: 0.01 | Max Lot: 100000.0 | Step Lot: 0.01
0	06:00:01.055	VSol-MT4 EURUSD,H1: Failed to open trade. Error: 136
0	07:00:00.935	VSol-MT4 EURUSD,H1: Calculated Lot Size: 0.01 | Min Lot: 0.01 | Max Lot: 100000.0 | Step Lot: 0.01
0	07:00:01.086	VSol-MT4 EURUSD,H1: Failed to open trade. Error: 134
0	08:00:01.324	VSol-MT4 EURUSD,H1: Calculated Lot Size: 0.01 | Min Lot: 0.01 | Max Lot: 100000.0 | Step Lot: 0.01
0	08:00:01.473	VSol-MT4 EURUSD,H1: Failed to open trade. Error: 134
0	09:00:00.978	VSol-MT4 EURUSD,H1: Calculated Lot Size: 0.01 | Min Lot: 0.01 | Max Lot: 100000.0 | Step Lot: 0.01
0	09:00:01.130	VSol-MT4 EURUSD,H1: Failed to open trade. Error: 134
0	10:00:00.954	VSol-MT4 EURUSD,H1: Calculated Lot Size: 0.01 | Min Lot: 0.01 | Max Lot: 100000.0 | Step Lot: 0.01
0	10:00:01.077	VSol-MT4 EURUSD,H1: Failed to open trade. Error: 134
0	11:00:01.076	VSol-MT4 EURUSD,H1: Calculated Lot Size: 0.01 | Min Lot: 0.01 | Max Lot: 100000.0 | Step Lot: 0.01
0	11:00:01.207	VSol-MT4 EURUSD,H1: Failed to open trade. Error: 134
0	12:00:01.037	VSol-MT4 EURUSD,H1: Calculated Lot Size: 0.01 | Min Lot: 0.01 | Max Lot: 100000.0 | Step Lot: 0.01
0	12:00:01.173	VSol-MT4 EURUSD,H1: Failed to open trade. Error: 134
0	13:00:00.993	VSol-MT4 EURUSD,H1: Calculated Lot Size: 0.01 | Min Lot: 0.01 | Max Lot: 100000.0 | Step Lot: 0.01
0	13:00:01.111	VSol-MT4 EURUSD,H1: Failed to open trade. Error: 134
0	13:12:33.928	VSol-MT4 EURUSD,H1: uninit reason 9
0	13:12:33.928	VSol-MT4 EURUSD,H1: EA Deinitialized.
0	13:12:33.980	Expert VSol-MT4 EURUSD,H1: removed
0	18:27:43.319	Expert VSol-MT4 EURUSD,H1: loaded successfully
0	18:27:43.319	VSol-MT4 EURUSD,H1 inputs: EMAPeriodFast=8; EMAPeriodMid=23; EMAPeriodSlow=22; MACDFast=15; MACDSlow=17; MACDSignal=13; RiskPercentage=1.0; ATRPeriod=19; MACDThreshold=0.00006; EntryTimeoutBars=8; 
0	18:27:45.325	VSol-MT4 EURUSD,H1: EA Initialized Successfully.
0	18:27:45.325	VSol-MT4 EURUSD,H1: initialized
0	18:28:02.254	VSol-MT4 EURUSD,H1: Bearish signal detected. Starting entry sequence.
0	18:28:02.254	VSol-MT4 EURUSD,H1: Calculated Lot Size: 0.01 | Min Lot: 0.01 | Max Lot: 100000.0 | Step Lot: 0.01
0	18:28:02.384	VSol-MT4 EURUSD,H1: Failed to open trade. Error: 149
0	19:00:01.261	VSol-MT4 EURUSD,H1: Calculated Lot Size: 0.01 | Min Lot: 0.01 | Max Lot: 100000.0 | Step Lot: 0.01
0	19:00:01.399	VSol-MT4 EURUSD,H1: Failed to open trade. Error: 149
0	20:00:02.157	VSol-MT4 EURUSD,H1: Calculated Lot Size: 0.01 | Min Lot: 0.01 | Max Lot: 100000.0 | Step Lot: 0.01
0	20:00:02.276	VSol-MT4 EURUSD,H1: Failed to open trade. Error: 149
0	21:00:01.841	VSol-MT4 EURUSD,H1: Calculated Lot Size: 0.01 | Min Lot: 0.01 | Max Lot: 100000.0 | Step Lot: 0.01
0	21:00:01.977	VSol-MT4 EURUSD,H1: Failed to open trade. Error: 149
0	22:00:10.642	VSol-MT4 EURUSD,H1: Calculated Lot Size: 0.01 | Min Lot: 0.01 | Max Lot: 100000.0 | Step Lot: 0.01
0	22:00:10.780	VSol-MT4 EURUSD,H1: Failed to open trade. Error: 149
0	23:00:01.399	VSol-MT4 EURUSD,H1: Calculated Lot Size: 0.01 | Min Lot: 0.01 | Max Lot: 100000.0 | Step Lot: 0.01
0	23:00:01.519	VSol-MT4 EURUSD,H1: Failed to open trade. Error: 149
